<?xml version="1.0" encoding="UTF-8"?>
<testng-results ignored="0" total="1" passed="1" failed="0" skipped="0">
  <reporter-output>
    <line>
      <![CDATA[database is connected]]>
    </line>
    <line>
      <![CDATA[Browser launched successfully]]>
    </line>
    <line>
      <![CDATA[Logged in successfully]]>
    </line>
    <line>
      <![CDATA[testscript passes successfully]]>
    </line>
    <line>
      <![CDATA[logged out successfully]]>
    </line>
    <line>
      <![CDATA[browser closed successfully]]>
    </line>
    <line>
      <![CDATA[database disconnected]]>
    </line>
  </reporter-output>
  <suite started-at="2024-08-21T09:07:45 IST" name="Default suite" finished-at="2024-08-21T09:08:07 IST" duration-ms="22374">
    <groups>
    </groups>
    <test started-at="2024-08-21T09:07:45 IST" name="Default test" finished-at="2024-08-21T09:08:07 IST" duration-ms="22374">
      <class name="com.Actitime.Testscripts.CreateCustomer">
        <test-method is-config="true" signature="databaseConnection()[pri:0, instance:com.Actitime.Testscripts.CreateCustomer@6379eb]" started-at="2024-08-21T09:07:45 IST" name="databaseConnection" finished-at="2024-08-21T09:07:45 IST" duration-ms="12" status="PASS">
          <reporter-output>
            <line>
              <![CDATA[database is connected]]>
            </line>
          </reporter-output>
        </test-method> <!-- databaseConnection -->
        <test-method is-config="true" signature="launchBrowser()[pri:0, instance:com.Actitime.Testscripts.CreateCustomer@6379eb]" started-at="2024-08-21T09:07:45 IST" name="launchBrowser" finished-at="2024-08-21T09:07:55 IST" duration-ms="10659" status="PASS">
          <reporter-output>
            <line>
              <![CDATA[Browser launched successfully]]>
            </line>
          </reporter-output>
        </test-method> <!-- launchBrowser -->
        <test-method is-config="true" signature="login()[pri:0, instance:com.Actitime.Testscripts.CreateCustomer@6379eb]" started-at="2024-08-21T09:07:55 IST" name="login" finished-at="2024-08-21T09:07:56 IST" duration-ms="395" status="PASS">
          <reporter-output>
            <line>
              <![CDATA[Logged in successfully]]>
            </line>
          </reporter-output>
        </test-method> <!-- login -->
        <test-method signature="createCustomer()[pri:0, instance:com.Actitime.Testscripts.CreateCustomer@6379eb]" started-at="2024-08-21T09:07:56 IST" name="createCustomer" finished-at="2024-08-21T09:08:05 IST" duration-ms="9435" status="PASS">
          <reporter-output>
            <line>
              <![CDATA[testscript passes successfully]]>
            </line>
          </reporter-output>
        </test-method> <!-- createCustomer -->
        <test-method is-config="true" signature="logout()[pri:0, instance:com.Actitime.Testscripts.CreateCustomer@6379eb]" started-at="2024-08-21T09:08:05 IST" name="logout" finished-at="2024-08-21T09:08:06 IST" duration-ms="1223" status="PASS">
          <reporter-output>
            <line>
              <![CDATA[logged out successfully]]>
            </line>
          </reporter-output>
        </test-method> <!-- logout -->
        <test-method is-config="true" signature="closeBrowser()[pri:0, instance:com.Actitime.Testscripts.CreateCustomer@6379eb]" started-at="2024-08-21T09:08:06 IST" name="closeBrowser" finished-at="2024-08-21T09:08:07 IST" duration-ms="610" status="PASS">
          <reporter-output>
            <line>
              <![CDATA[browser closed successfully]]>
            </line>
          </reporter-output>
        </test-method> <!-- closeBrowser -->
        <test-method is-config="true" signature="disconnectDatabase()[pri:0, instance:com.Actitime.Testscripts.CreateCustomer@6379eb]" started-at="2024-08-21T09:08:07 IST" name="disconnectDatabase" finished-at="2024-08-21T09:08:07 IST" duration-ms="0" status="PASS">
          <reporter-output>
            <line>
              <![CDATA[database disconnected]]>
            </line>
          </reporter-output>
        </test-method> <!-- disconnectDatabase -->
      </class> <!-- com.Actitime.Testscripts.CreateCustomer -->
    </test> <!-- Default test -->
  </suite> <!-- Default suite -->
</testng-results>
